<?xml version="1.0" encoding="UTF-8"?>
<!-- Generated by org.testng.reporters.JUnitReportReporter -->
<testsuite skipped="0" hostname="AsusPC-PC" name="CheckSuccessfulLogin" tests="1" failures="0" timestamp="15 Oct 2017 15:39:48 GMT" time="16.238" errors="0">
  <testcase name="login" time="16.238" classname="CheckSuccessfulLogin"/>
</testsuite> <!-- CheckSuccessfulLogin -->
